<?xml version="1.0" encoding="UTF-8"?>
<!-- Generated by org.testng.reporters.JUnitXMLReporter -->
<testsuite ignored="1" hostname="QSPWakad" failures="0" tests="4" name="Test" time="26.103" errors="0" timestamp="19 Feb 2024 03:06:21 GMT">
  <testcase classname="com.TimesheetManagementToolProject.TestScript.ValidLoginTest" name="login" time="1.167"/>
  <testcase classname="com.TimesheetManagementToolProject.TestScript.CreateCustomerAndProjectTest" name="createCustomerAndProject" time="4.802"/>
  <testcase classname="com.TimesheetManagementToolProject.TestScript.InvalidLoginTest" name="invalidLogin" time="2.372"/>
  <testcase classname="com.TimesheetManagementToolProject.TestScript.CreateUserTest" name="createUser" time="2.619"/>
  <testcase classname="com.TimesheetManagementToolProject.TestScript.DeleteAllProjectAndCustomer" name="deleteAllProjectAndCustomer" time="0.0">
    <ignored/>
  </testcase> <!-- deleteAllProjectAndCustomer -->
</testsuite> <!-- Test -->
