<?xml version="1.0" encoding="UTF-8"?>
<!-- Generated by org.testng.reporters.JUnitXMLReporter -->
<testsuite ignored="0" hostname="QSPWakad" failures="0" tests="5" name="Test" time="49.241" errors="0" timestamp="16 Feb 2024 03:51:57 GMT">
  <testcase classname="com.TimesheetManagementToolProject.TestScript.ValidLoginTest" name="login" time="1.449"/>
  <testcase classname="com.TimesheetManagementToolProject.TestScript.InvalidLoginTest" name="invalidLogin" time="3.204"/>
  <testcase classname="com.TimesheetManagementToolProject.TestScript.CreateUserTest" name="createUser" time="3.32"/>
  <testcase classname="com.TimesheetManagementToolProject.TestScript.CreateCustomerAndProjectTest" name="createCustomerAndProject" time="5.183"/>
  <testcase classname="com.TimesheetManagementToolProject.TestScript.DeleteAllProjectAndCustomer" name="deleteAllProjectAndCustomer" time="3.706"/>
</testsuite> <!-- Test -->
