<?xml version="1.0" encoding="UTF-8"?>
<!-- Generated by org.testng.reporters.JUnitReportReporter -->
<testsuite hostname="QSPWakad" failures="0" tests="5" name="DataProvider.LoginWithDataProvider" time="20.775" errors="0" timestamp="19 Feb 2024 04:00:56 GMT" skipped="0">
  <testcase classname="DataProvider.LoginWithDataProvider" name="login" time="3.880"/>
  <testcase classname="DataProvider.LoginWithDataProvider" name="login" time="4.049"/>
  <testcase classname="DataProvider.LoginWithDataProvider" name="login" time="3.773"/>
  <testcase classname="DataProvider.LoginWithDataProvider" name="login" time="5.300"/>
  <testcase classname="DataProvider.LoginWithDataProvider" name="login" time="3.773"/>
</testsuite> <!-- DataProvider.LoginWithDataProvider -->
