<?xml version="1.0" encoding="UTF-8"?>
<!-- Generated by org.testng.reporters.JUnitReportReporter -->
<testsuite hostname="QSPWakad" failures="0" tests="1" name="com.TimesheetManagementToolProject.TestScript.CreateCustomerAndProjectTest" time="4.802" errors="0" timestamp="19 Feb 2024 03:06:21 GMT" skipped="0">
  <testcase classname="com.TimesheetManagementToolProject.TestScript.CreateCustomerAndProjectTest" name="createCustomerAndProject" time="4.802"/>
</testsuite> <!-- com.TimesheetManagementToolProject.TestScript.CreateCustomerAndProjectTest -->
