<?xml version="1.0" encoding="UTF-8"?>
<!-- Generated by org.testng.reporters.JUnitXMLReporter -->
<testsuite ignored="0" hostname="QSPWakad" failures="0" tests="3" name="Test" time="16.284" errors="0" timestamp="13 Feb 2024 04:04:45 GMT">
  <testcase classname="batchExecution.seleniumTest" name="searchSelenium" time="5.157"/>
  <testcase classname="batchExecution.SqlTest" name="sqlSearch" time="5.372"/>
  <testcase classname="batchExecution.ManualTest" name="manualSearch" time="5.693"/>
</testsuite> <!-- Test -->
