<?xml version="1.0" encoding="UTF-8"?>
<!-- Generated by org.testng.reporters.JUnitXMLReporter -->
<testsuite ignored="0" hostname="QSPWakad" failures="0" tests="5" name="Default test" time="21.621" errors="0" timestamp="19 Feb 2024 04:00:56 GMT">
  <testcase classname="DataProvider.LoginWithDataProvider" name="login" time="5.3"/>
  <testcase classname="DataProvider.LoginWithDataProvider" name="login" time="3.88"/>
  <testcase classname="DataProvider.LoginWithDataProvider" name="login" time="3.773"/>
  <testcase classname="DataProvider.LoginWithDataProvider" name="login" time="4.049"/>
  <testcase classname="DataProvider.LoginWithDataProvider" name="login" time="3.773"/>
</testsuite> <!-- Default test -->
